<?xml version="1.0" encoding="UTF-8"?>
<!-- Generated by org.testng.reporters.JUnitReportReporter -->
<testsuite skipped="0" hostname="EPBYMINW2444" name="by.epam.atmentoring.selenium_advanced.PageObjectGmailTest" tests="5" failures="0" timestamp="27 Jun 2017 18:44:32 GMT" time="99.958" errors="0">
  <testcase name="mouseKeyboardActions" time="19.587" classname="by.epam.atmentoring.selenium_advanced.PageObjectGmailTest"/>
  <testcase name="Scenario2" time="22.107" classname="by.epam.atmentoring.selenium_advanced.PageObjectGmailTest"/>
  <testcase name="Scenario1" time="21.915" classname="by.epam.atmentoring.selenium_advanced.PageObjectGmailTest"/>
  <testcase name="Scenario3" time="18.994" classname="by.epam.atmentoring.selenium_advanced.PageObjectGmailTest"/>
  <testcase name="jsInjection" time="17.355" classname="by.epam.atmentoring.selenium_advanced.PageObjectGmailTest"/>
</testsuite> <!-- by.epam.atmentoring.selenium_advanced.PageObjectGmailTest -->
