<?xml version="1.0" encoding="UTF-8"?>
<!-- Generated by org.testng.reporters.JUnitReportReporter -->
<testsuite skipped="0" hostname="EPBYMINW2444" name="by.epam.atmentoring.selenium_advanced.test.PageObjectGmailTest" tests="1" failures="0" timestamp="02 Jul 2017 10:32:35 GMT" time="63.037" errors="0">
  <testcase name="Scenario3" time="63.037" classname="by.epam.atmentoring.selenium_advanced.test.PageObjectGmailTest"/>
</testsuite> <!-- by.epam.atmentoring.selenium_advanced.test.PageObjectGmailTest -->
