<?xml version="1.0" encoding="UTF-8"?>
<!-- Generated by org.testng.reporters.JUnitReportReporter -->
<testsuite skipped="0" hostname="EPBYMINW2444" name="by.epam.atmentoring.framework.test.PageObjectGmailTest" tests="5" failures="0" timestamp="02 Jul 2017 15:32:13 GMT" time="92.547" errors="0">
  <testcase name="mouseKeyboardActions" time="19.702" classname="by.epam.atmentoring.framework.test.PageObjectGmailTest"/>
  <testcase name="Scenario2" time="15.703" classname="by.epam.atmentoring.framework.test.PageObjectGmailTest"/>
  <testcase name="Scenario3" time="20.023" classname="by.epam.atmentoring.framework.test.PageObjectGmailTest"/>
  <testcase name="Scenario1" time="21.006" classname="by.epam.atmentoring.framework.test.PageObjectGmailTest"/>
  <testcase name="jsInjection" time="16.113" classname="by.epam.atmentoring.framework.test.PageObjectGmailTest"/>
</testsuite> <!-- by.epam.atmentoring.framework.test.PageObjectGmailTest -->
